/home/ripper/ACTi_cognition/venv/lib/python3.12/site-packages/neuralset/extractors/base.py:707: UserWarning: LabelEncoder: event_types has not been set, are you sure you want to apply this extractor to all events?
  warnings.warn(
2026-05-14 06:19:03 - WARNING - neuralset.extractors.base:798 - Missing events will be encoded using the default all-zero value (for example, 0 or a zero vector/tensor), which may be indistinguishable from a valid class if that class is also mapped to zeros. Set treat_missing_as_separate_class=True to avoid this.
2026-05-14 06:19:03 - WARNING - neuralset.extractors.base:798 - Missing events will be encoded using the default all-zero value (for example, 0 or a zero vector/tensor), which may be indistinguishable from a valid class if that class is also mapped to zeros. Set treat_missing_as_separate_class=True to avoid this.
INFO - Loading model from /home/ripper/.cache/huggingface/hub/models--facebook--tribev2/snapshots/f894e783020944dcd96e5568550afe2aa9743f9f/best.ckpt
/home/ripper/ACTi_cognition/venv/lib/python3.12/site-packages/x_transformers/x_transformers.py:439: FutureWarning: `torch.cuda.amp.autocast(args...)` is deprecated. Please use `torch.amp.autocast('cuda', args...)` instead.
  @autocast(enabled = False)
/home/ripper/ACTi_cognition/venv/lib/python3.12/site-packages/x_transformers/x_transformers.py:461: FutureWarning: `torch.cuda.amp.autocast(args...)` is deprecated. Please use `torch.amp.autocast('cuda', args...)` instead.
  @autocast(enabled = False)
Extract audio from video events:   0%|          | 0/1 [00:00<?, ?it/s]Extract audio from video events: 100%|██████████| 1/1 [00:00<00:00, 5932.54it/s]
/home/ripper/ACTi_cognition/venv/lib/python3.12/site-packages/neuralset/events/utils.py:134: UserWarning: The events dataframe contains an `Index` column. This is dangerous, please add drop=True in calls to df.reset_index(). Dropping it automatically.
  warnings.warn(msg)
Add context to words:   0%|          | 0/1697 [00:00<?, ?it/s]Add context to words: 100%|██████████| 1697/1697 [00:00<00:00, 94476.09it/s]
[06:19:06 INFO] Preparing extractor: text
[06:19:06 INFO] Preparing extractor: audio
[06:19:06 INFO] Preparing extractor: subject_id
2026-05-14 06:19:06 - WARNING - neuralset.extractors.base:824 - LabelEncoder has only found one label: {'Algonauts2025/sub-01'}. This was probably not intended.
[06:19:07 INFO] Building dataloader for split all
INFO - Predicted 882 / 900 segments (98.0% kept)
cache/ablation_results/pretrained_tribe_text_audio_s01e01a_parcel_approx_v2.json
{
  "created_at": "2026-05-14T10:19:07.835870+00:00",
  "checkpoint": "facebook/tribev2",
  "features": [
    "text",
    "audio"
  ],
  "metric_space": "parcel",
  "subject": "sub-01",
  "movie": "s01",
  "chunks": [
    "e01a"
  ],
  "target_projection": "standard fsaverage5 prediction -> nearest projected Schaefer1000 parcel averages",
  "target_projection_caveat": "Approximate local evaluation; not the official Algonauts surface preprocessing and not directly comparable to the public leaderboard.",
  "target_offset_seconds": 5.0,
  "n_prediction_samples": 882,
  "prediction_shape": [
    882,
    20484
  ],
  "metric_prediction_shape": [
    882,
    1000
  ],
  "target_shape": [
    882,
    1000
  ],
  "n_finite_target_rows": 876,
  "n_nonempty_projected_parcels": 983,
  "metrics": {
    "mean": 0.13744614465243818,
    "median": 0.10996624759161668,
    "n_vertices_total": 983,
    "n_vertices_finite": 983
  },
  "load_seconds": 0.7728732839459553,
  "predict_seconds": 1.4911234640749171,
  "target_projection_seconds": 0.3562491029733792,
  "arrays_path": "cache/ablation_results/pretrained_tribe_text_audio_s01e01a_parcel_approx_v2.npz"
}
