/home/ripper/ACTi_cognition/venv/lib/python3.12/site-packages/neuralset/extractors/base.py:707: UserWarning: LabelEncoder: event_types has not been set, are you sure you want to apply this extractor to all events?
  warnings.warn(
2026-05-14 06:00:54 - WARNING - neuralset.extractors.base:798 - Missing events will be encoded using the default all-zero value (for example, 0 or a zero vector/tensor), which may be indistinguishable from a valid class if that class is also mapped to zeros. Set treat_missing_as_separate_class=True to avoid this.
2026-05-14 06:00:55 - WARNING - neuralset.extractors.base:798 - Missing events will be encoded using the default all-zero value (for example, 0 or a zero vector/tensor), which may be indistinguishable from a valid class if that class is also mapped to zeros. Set treat_missing_as_separate_class=True to avoid this.
INFO - Loading model from /home/ripper/.cache/huggingface/hub/models--facebook--tribev2/snapshots/f894e783020944dcd96e5568550afe2aa9743f9f/best.ckpt
/home/ripper/ACTi_cognition/venv/lib/python3.12/site-packages/x_transformers/x_transformers.py:439: FutureWarning: `torch.cuda.amp.autocast(args...)` is deprecated. Please use `torch.amp.autocast('cuda', args...)` instead.
  @autocast(enabled = False)
/home/ripper/ACTi_cognition/venv/lib/python3.12/site-packages/x_transformers/x_transformers.py:461: FutureWarning: `torch.cuda.amp.autocast(args...)` is deprecated. Please use `torch.amp.autocast('cuda', args...)` instead.
  @autocast(enabled = False)
Add context to words:   0%|          | 0/1382 [00:00<?, ?it/s]Add context to words: 100%|██████████| 1382/1382 [00:00<00:00, 96096.29it/s]
[06:00:57 WARNING] Removing extractor audio as there are no corresponding events
[06:00:57 INFO] Preparing extractor: subject_id
2026-05-14 06:00:57 - WARNING - neuralset.extractors.base:824 - LabelEncoder has only found one label: {'Algonauts2025/sub-01'}. This was probably not intended.
[06:00:57 INFO] Building dataloader for split all
INFO - Predicted 712 / 800 segments (89.0% kept)
/home/ripper/ACTi_cognition/experiments/eval_pretrained_tribe_algonauts.py:247: RuntimeWarning: Mean of empty slice
  "mean": float(np.nanmean(corr)),
/home/ripper/ACTi_cognition/experiments/eval_pretrained_tribe_algonauts.py:248: RuntimeWarning: All-NaN slice encountered
  "median": float(np.nanmedian(corr)),
cache/ablation_results/pretrained_tribe_audioonly_s01e02a_parcel_approx_v1.json
{
  "created_at": "2026-05-14T10:00:58.326825+00:00",
  "checkpoint": "facebook/tribev2",
  "features": [
    "audio"
  ],
  "metric_space": "parcel",
  "subject": "sub-01",
  "movie": "s01",
  "chunks": [
    "e02a"
  ],
  "target_projection": "standard fsaverage5 prediction -> nearest projected Schaefer1000 parcel averages",
  "target_projection_caveat": "Approximate local evaluation; not the official Algonauts surface preprocessing and not directly comparable to the public leaderboard.",
  "target_offset_seconds": 5.0,
  "n_prediction_samples": 712,
  "prediction_shape": [
    712,
    20484
  ],
  "metric_prediction_shape": [
    712,
    1000
  ],
  "target_shape": [
    712,
    1000
  ],
  "n_finite_target_rows": 712,
  "n_nonempty_projected_parcels": 983,
  "metrics": {
    "mean": null,
    "median": null,
    "n_vertices_total": 983,
    "n_vertices_finite": 0
  },
  "load_seconds": 0.8154354670550674,
  "predict_seconds": 0.6621266820002347,
  "target_projection_seconds": 0.35575852904003114,
  "arrays_path": "cache/ablation_results/pretrained_tribe_audioonly_s01e02a_parcel_approx_v1.npz"
}
