/home/ripper/ACTi_cognition/venv/lib/python3.12/site-packages/neuralset/extractors/base.py:707: UserWarning: LabelEncoder: event_types has not been set, are you sure you want to apply this extractor to all events?
  warnings.warn(
2026-05-14 04:07:17 - WARNING - neuralset.extractors.base:798 - Missing events will be encoded using the default all-zero value (for example, 0 or a zero vector/tensor), which may be indistinguishable from a valid class if that class is also mapped to zeros. Set treat_missing_as_separate_class=True to avoid this.
cache/ablation_results/tribe_calibration_multimodal_s01e01a_parcel_temporal_ridge_v1.json
{
  "created_at": "2026-05-14T08:07:17.429663+00:00",
  "arrays": "cache/ablation_results/pretrained_tribe_text_audio_video_s01e01a_parcel_approx_v2.npz",
  "train_frac": 0.6,
  "gap": 20,
  "lags": [
    -4,
    -2,
    0,
    2,
    4
  ],
  "alpha": 10.0,
  "n_rows_total": 882,
  "n_rows_finite": 876,
  "n_train_rows": 526,
  "n_val_rows": 330,
  "n_metric_val_rows": 326,
  "train_time_range": [
    5.0,
    530.0
  ],
  "val_time_range": [
    551.0,
    880.0
  ],
  "baseline_metrics": {
    "mean": 0.16905461429900065,
    "median": 0.1453183785906339,
    "n_vertices_total": 983,
    "n_vertices_finite": 983
  },
  "candidate_metrics": {
    "mean": 0.1511602928965411,
    "median": 0.12027400173343064,
    "n_vertices_total": 983,
    "n_vertices_finite": 983
  },
  "delta_mean": -0.017894321402459556,
  "delta_median": -0.02504437685720326,
  "runtime_seconds": 0.10496840602718294,
  "caveat": "Local calibration proxy on available labels only; not an official Algonauts leaderboard result."
}
