/home/ripper/ACTi_cognition/venv/lib/python3.12/site-packages/neuralset/extractors/base.py:707: UserWarning: LabelEncoder: event_types has not been set, are you sure you want to apply this extractor to all events?
  warnings.warn(
2026-05-14 05:05:24 - WARNING - neuralset.extractors.base:798 - Missing events will be encoded using the default all-zero value (for example, 0 or a zero vector/tensor), which may be indistinguishable from a valid class if that class is also mapped to zeros. Set treat_missing_as_separate_class=True to avoid this.
cache/ablation_results/tribe_calibration_multimodal_s01e01a_parcel_global_ridge_a1000_v1.json
{
  "created_at": "2026-05-14T09:05:24.462625+00:00",
  "source_arrays": {
    "arrays": "cache/ablation_results/pretrained_tribe_text_audio_video_s01e01a_parcel_approx_v2.npz",
    "mode": "single_array_time_split"
  },
  "train_frac": 0.6,
  "gap": 20,
  "lags": [
    -4,
    -2,
    0,
    2,
    4
  ],
  "alpha": 1000.0,
  "adapter": "global-ridge",
  "n_rows_total": 876,
  "n_rows_finite": 876,
  "n_train_rows": 526,
  "n_val_rows": 330,
  "n_metric_val_rows": 326,
  "train_time_range": [
    5.0,
    530.0
  ],
  "val_time_range": [
    551.0,
    880.0
  ],
  "baseline_metrics": {
    "mean": 0.16905461429900065,
    "median": 0.1453183785906339,
    "n_vertices_total": 983,
    "n_vertices_finite": 983
  },
  "candidate_metrics": {
    "mean": 0.10557822556892688,
    "median": 0.08471009963137344,
    "n_vertices_total": 983,
    "n_vertices_finite": 983
  },
  "delta_mean": -0.06347638873007377,
  "delta_median": -0.060608278959260464,
  "runtime_seconds": 0.10900307993870229,
  "caveat": "Local calibration proxy on available labels only; not an official Algonauts leaderboard result."
}
