/home/ripper/ACTi_cognition/venv/lib/python3.12/site-packages/neuralset/extractors/base.py:707: UserWarning: LabelEncoder: event_types has not been set, are you sure you want to apply this extractor to all events?
  warnings.warn(
2026-05-14 05:21:22 - WARNING - neuralset.extractors.base:798 - Missing events will be encoded using the default all-zero value (for example, 0 or a zero vector/tensor), which may be indistinguishable from a valid class if that class is also mapped to zeros. Set treat_missing_as_separate_class=True to avoid this.
2026-05-14 05:21:23 - WARNING - neuralset.extractors.base:798 - Missing events will be encoded using the default all-zero value (for example, 0 or a zero vector/tensor), which may be indistinguishable from a valid class if that class is also mapped to zeros. Set treat_missing_as_separate_class=True to avoid this.
INFO - Loading model from /home/ripper/.cache/huggingface/hub/models--facebook--tribev2/snapshots/f894e783020944dcd96e5568550afe2aa9743f9f/best.ckpt
/home/ripper/ACTi_cognition/venv/lib/python3.12/site-packages/x_transformers/x_transformers.py:439: FutureWarning: `torch.cuda.amp.autocast(args...)` is deprecated. Please use `torch.amp.autocast('cuda', args...)` instead.
  @autocast(enabled = False)
/home/ripper/ACTi_cognition/venv/lib/python3.12/site-packages/x_transformers/x_transformers.py:461: FutureWarning: `torch.cuda.amp.autocast(args...)` is deprecated. Please use `torch.amp.autocast('cuda', args...)` instead.
  @autocast(enabled = False)
cache/submissions/tribe_textonly_friends_s7_sub01_s07e01a_v1.npy
cache/submissions/tribe_textonly_friends_s7_sub01_s07e01a_manifest_v1.json
{
  "created_at": "2026-05-14T09:21:22.917731+00:00",
  "checkpoint": "facebook/tribev2",
  "phase": "friends-s7",
  "features": [
    "text"
  ],
  "subjects": [
    "sub-01"
  ],
  "target_offset_seconds": 5.0,
  "nonfinite_fill": "row-mean",
  "dry_run": false,
  "items": {
    "sub-01": {
      "s07e01a": {
        "shape": [
          460,
          1000
        ],
        "n_target_samples": 460,
        "n_prediction_segments": null,
        "n_nonfinite_values_filled": 7820,
        "used_prediction_cache": true,
        "predict_seconds": 0.0,
        "total_item_seconds": 0.0021307410206645727
      }
    }
  },
  "caveat": "Submission-shaped predictions only; Friends S7/OOD labels are withheld and official scoring requires Codabench.",
  "model_load_seconds": 0.7285620970651507,
  "runtime_seconds": 1.0421194770606235,
  "out": "cache/submissions/tribe_textonly_friends_s7_sub01_s07e01a_v1.npy",
  "zip_out": "cache/submissions/tribe_textonly_friends_s7_sub01_s07e01a_v1.zip"
}
